c:\users\16770\desktop\game-table\bin\tmp\x64\release\vc143.pdb
c:\users\16770\desktop\game-table\bin\tmp\x64\release\tetris.obj
c:\users\16770\desktop\game-table\bin\tmp\x64\release\main.obj
c:\users\16770\desktop\game-table\bin\tmp\x64\release\gamemodule.obj
c:\users\16770\desktop\game-table\bin\x64\release\game-table.exe
c:\users\16770\desktop\game-table\bin\x64\release\game-table.pdb
c:\users\16770\desktop\game-table\bin\tmp\x64\release\game-table.iobj
c:\users\16770\desktop\game-table\bin\tmp\x64\release\game-table.res
c:\users\16770\desktop\game-table\bin\tmp\x64\release\game-table.ipdb
c:\users\16770\desktop\game-table\bin\tmp\x64\release\game-table.vcxproj.filelistabsolute.txt
c:\users\16770\desktop\game-table\bin\tmp\x64\release\game-table.tlog\cl.command.1.tlog
c:\users\16770\desktop\game-table\bin\tmp\x64\release\game-table.tlog\cl.items.tlog
c:\users\16770\desktop\game-table\bin\tmp\x64\release\game-table.tlog\cl.read.1.tlog
c:\users\16770\desktop\game-table\bin\tmp\x64\release\game-table.tlog\cl.write.1.tlog
c:\users\16770\desktop\game-table\bin\tmp\x64\release\game-table.tlog\link.command.1.tlog
c:\users\16770\desktop\game-table\bin\tmp\x64\release\game-table.tlog\link.read.1.tlog
c:\users\16770\desktop\game-table\bin\tmp\x64\release\game-table.tlog\link.write.1.tlog
c:\users\16770\desktop\game-table\bin\tmp\x64\release\game-table.tlog\rc.command.1.tlog
c:\users\16770\desktop\game-table\bin\tmp\x64\release\game-table.tlog\rc.read.1.tlog
c:\users\16770\desktop\game-table\bin\tmp\x64\release\game-table.tlog\rc.write.1.tlog
