c:\users\16770\desktop\game-table\bin\intermediates\x64\debug\vc143.pdb
c:\users\16770\desktop\game-table\bin\intermediates\x64\debug\vc143.idb
c:\users\16770\desktop\game-table\bin\intermediates\x64\debug\tetris.obj
c:\users\16770\desktop\game-table\bin\intermediates\x64\debug\main.obj
c:\users\16770\desktop\game-table\bin\intermediates\x64\debug\gamemodule.obj
c:\users\16770\desktop\game-table\bin\x64\debug\game-table.exe
c:\users\16770\desktop\game-table\bin\intermediates\x64\debug\game-table.ilk
c:\users\16770\desktop\game-table\bin\x64\debug\game-table.pdb
c:\users\16770\desktop\game-table\bin\intermediates\x64\debug\game-table.res
c:\users\16770\desktop\game-table\bin\intermediates\x64\debug\game-table.vcxproj.filelistabsolute.txt
c:\users\16770\desktop\game-table\bin\intermediates\x64\debug\game-table.tlog\cl.command.1.tlog
c:\users\16770\desktop\game-table\bin\intermediates\x64\debug\game-table.tlog\cl.items.tlog
c:\users\16770\desktop\game-table\bin\intermediates\x64\debug\game-table.tlog\cl.read.1.tlog
c:\users\16770\desktop\game-table\bin\intermediates\x64\debug\game-table.tlog\cl.write.1.tlog
c:\users\16770\desktop\game-table\bin\intermediates\x64\debug\game-table.tlog\link.command.1.tlog
c:\users\16770\desktop\game-table\bin\intermediates\x64\debug\game-table.tlog\link.read.1.tlog
c:\users\16770\desktop\game-table\bin\intermediates\x64\debug\game-table.tlog\link.write.1.tlog
c:\users\16770\desktop\game-table\bin\intermediates\x64\debug\game-table.tlog\rc.command.1.tlog
c:\users\16770\desktop\game-table\bin\intermediates\x64\debug\game-table.tlog\rc.read.1.tlog
c:\users\16770\desktop\game-table\bin\intermediates\x64\debug\game-table.tlog\rc.write.1.tlog
